<?xml version="1.0" encoding="UTF-8"?>
<!-- Generated by org.testng.reporters.JUnitXMLReporter -->
<testsuite ignored="0" hostname="Jay" failures="0" tests="3" name="Test" time="25.335" errors="0" timestamp="23 May 2020 16:03:12 GMT">
  <testcase classname="endtoend.SearchUser" name="pageNavigation" time="4.95"/>
  <testcase classname="endtoend.SignUpUser" name="pageNavigation" time="3.006"/>
  <testcase classname="endtoend.LoginUser" name="pageNavigation" time="2.674"/>
</testsuite> <!-- Test -->
