<?xml version="1.0" encoding="UTF-8"?>
<testng-results ignored="0" total="6" passed="6" failed="0" skipped="0">
  <reporter-output>
  </reporter-output>
  <suite started-at="2020-05-10T21:45:18 IST" name="Suite" finished-at="2020-05-10T21:45:19 IST" duration-ms="126">
    <groups>
    </groups>
    <test started-at="2020-05-10T21:45:18 IST" name="Test" finished-at="2020-05-10T21:45:19 IST" duration-ms="126">
      <class name="mavenproject.SelectTest">
        <test-method signature="selectProduct()[pri:0, instance:mavenproject.SelectTest@233fe9b6]" started-at="2020-05-10T21:45:18 IST" name="selectProduct" finished-at="2020-05-10T21:45:18 IST" duration-ms="12" status="PASS">
          <reporter-output>
          </reporter-output>
        </test-method> <!-- selectProduct -->
        <test-method signature="selectService()[pri:0, instance:mavenproject.SelectTest@233fe9b6]" started-at="2020-05-10T21:45:18 IST" name="selectService" finished-at="2020-05-10T21:45:18 IST" duration-ms="2" status="PASS">
          <reporter-output>
          </reporter-output>
        </test-method> <!-- selectService -->
      </class> <!-- mavenproject.SelectTest -->
      <class name="mavenproject.CancelTest">
        <test-method signature="cancelOrder()[pri:0, instance:mavenproject.CancelTest@ec756bd]" started-at="2020-05-10T21:45:18 IST" name="cancelOrder" finished-at="2020-05-10T21:45:19 IST" duration-ms="16" status="PASS">
          <reporter-output>
          </reporter-output>
        </test-method> <!-- cancelOrder -->
        <test-method signature="cancelService()[pri:0, instance:mavenproject.CancelTest@ec756bd]" started-at="2020-05-10T21:45:19 IST" name="cancelService" finished-at="2020-05-10T21:45:19 IST" duration-ms="0" status="PASS">
          <reporter-output>
          </reporter-output>
        </test-method> <!-- cancelService -->
      </class> <!-- mavenproject.CancelTest -->
      <class name="mavenproject.LoginTest">
        <test-method signature="AdminLogin()[pri:0, instance:mavenproject.LoginTest@358ee631]" started-at="2020-05-10T21:45:18 IST" name="AdminLogin" finished-at="2020-05-10T21:45:18 IST" duration-ms="0" status="PASS">
          <reporter-output>
          </reporter-output>
        </test-method> <!-- AdminLogin -->
        <test-method signature="userLogin()[pri:0, instance:mavenproject.LoginTest@358ee631]" started-at="2020-05-10T21:45:18 IST" name="userLogin" finished-at="2020-05-10T21:45:18 IST" duration-ms="2" status="PASS">
          <reporter-output>
          </reporter-output>
        </test-method> <!-- userLogin -->
      </class> <!-- mavenproject.LoginTest -->
    </test> <!-- Test -->
  </suite> <!-- Suite -->
</testng-results>
