<?xml version="1.0" encoding="UTF-8"?>
<testsuite xmlns:xsi="http://www.w3.org/2001/XMLSchema-instance" xsi:noNamespaceSchemaLocation="https://maven.apache.org/surefire/maven-surefire-plugin/xsd/surefire-test-report-3.0.xsd" version="3.0" name="TestSuite" time="0.697" tests="6" errors="0" skipped="0" failures="0">
  <properties>
[...]
</properties>
  <testcase name="selectProduct" classname="mavenproject.SelectTest" time="0.03"/>
  <testcase name="selectService" classname="mavenproject.SelectTest" time="0.002"/>
  <testcase name="AdminLogin" classname="mavenproject.LoginTest" time="0.003"/>
  <testcase name="userLogin" classname="mavenproject.LoginTest" time="0.003"/>
  <testcase name="cancelOrder" classname="mavenproject.CancelTest" time="0.001"/>
  <testcase name="cancelService" classname="mavenproject.CancelTest" time="0.001"/>
</testsuite>