<?xml version="1.0" encoding="UTF-8"?>
<testng-results total="1" passed="1" failed="0" skipped="0">
  <reporter-output>
  </reporter-output>
  <suite started-at="2020-05-11T15:14:10Z" name="Default suite" finished-at="2020-05-11T15:14:16Z" duration-ms="6427">
    <groups>
    </groups>
    <test started-at="2020-05-11T15:14:10Z" name="Default test" finished-at="2020-05-11T15:14:16Z" duration-ms="6427">
      <class name="selenium.ExtentReport.Basic">
        <test-method is-config="true" signature="config()[pri:0, instance:selenium.ExtentReport.Basic@fba92d3]" started-at="2020-05-11T20:44:10Z" name="config" finished-at="2020-05-11T20:44:10Z" duration-ms="277" status="PASS">
          <reporter-output>
          </reporter-output>
        </test-method> <!-- config -->
        <test-method signature="initial()[pri:0, instance:selenium.ExtentReport.Basic@fba92d3]" started-at="2020-05-11T20:44:10Z" name="initial" finished-at="2020-05-11T20:44:16Z" duration-ms="6126" status="PASS">
          <reporter-output>
          </reporter-output>
        </test-method> <!-- initial -->
      </class> <!-- selenium.ExtentReport.Basic -->
    </test> <!-- Default test -->
  </suite> <!-- Default suite -->
</testng-results>
