<?xml version="1.0" encoding="UTF-8"?>
<testng-results ignored="0" total="1" passed="1" failed="0" skipped="0">
  <reporter-output>
  </reporter-output>
  <suite started-at="2020-06-02T16:39:11Z" name="Suite" finished-at="2020-06-02T16:39:27Z" duration-ms="16329">
    <groups>
      <group name="cucumber">
        <method signature="AbstractTestNGCucumberTests.feature(cucumber.api.testng.CucumberFeatureWrapper)[pri:0, instance:cucumberOptions.TestRunner@7b993c65]" name="feature" class="cucumber.api.testng.AbstractTestNGCucumberTests"/>
      </group> <!-- cucumber -->
    </groups>
    <test started-at="2020-06-02T16:39:11Z" name="Login" finished-at="2020-06-02T16:39:27Z" duration-ms="16329">
      <class name="cucumberOptions.TestRunner">
        <test-method is-config="true" signature="setUpClass()[pri:0, instance:cucumberOptions.TestRunner@7b993c65]" started-at="2020-06-02T16:39:11Z" name="setUpClass" finished-at="2020-06-02T16:39:11Z" duration-ms="234" status="PASS">
          <reporter-output>
          </reporter-output>
        </test-method> <!-- setUpClass -->
        <test-method signature="feature(cucumber.api.testng.CucumberFeatureWrapper)[pri:0, instance:cucumberOptions.TestRunner@7b993c65]" started-at="2020-06-02T16:39:11Z" name="feature" description="Runs Cucumber Feature" data-provider="features" finished-at="2020-06-02T16:39:27Z" duration-ms="15970" status="PASS">
          <params>
            <param index="0">
              <value>
                <![CDATA[Login Application]]>
              </value>
            </param>
          </params>
          <reporter-output>
          </reporter-output>
        </test-method> <!-- feature -->
        <test-method is-config="true" signature="tearDownClass()[pri:0, instance:cucumberOptions.TestRunner@7b993c65]" started-at="2020-06-02T16:39:27Z" name="tearDownClass" finished-at="2020-06-02T16:39:27Z" duration-ms="0" status="PASS">
          <reporter-output>
          </reporter-output>
        </test-method> <!-- tearDownClass -->
      </class> <!-- cucumberOptions.TestRunner -->
    </test> <!-- Login -->
  </suite> <!-- Suite -->
</testng-results>
