<?xml version="1.0" encoding="UTF-8"?>
<!-- Generated by org.testng.reporters.JUnitXMLReporter -->
<testsuite hostname="Jay" failures="0" tests="6" name="Command line test" time="0.021" errors="0" timestamp="10 May 2020 16:41:53 GMT">
  <testcase classname="mavenproject.CancelTest" name="cancelOrder" time="0.008"/>
  <testcase classname="mavenproject.CancelTest" name="cancelService" time="0.001"/>
  <testcase classname="mavenproject.LoginTest" name="AdminLogin" time="0.0"/>
  <testcase classname="mavenproject.LoginTest" name="userLogin" time="0.0"/>
  <testcase classname="mavenproject.SelectTest" name="selectProduct" time="0.0"/>
  <testcase classname="mavenproject.SelectTest" name="selectService" time="0.0"/>
</testsuite> <!-- Command line test -->
