<?xml version="1.0" encoding="UTF-8"?>
<!-- Generated by org.testng.reporters.JUnitXMLReporter -->
<testsuite hostname="Jay" failures="0" tests="6" name="Test" time="0.044" errors="0" timestamp="10 May 2020 16:42:45 GMT">
  <testcase classname="mavenproject.SelectTest" name="selectProduct" time="0.029"/>
  <testcase classname="mavenproject.SelectTest" name="selectService" time="0.001"/>
  <testcase classname="mavenproject.LoginTest" name="AdminLogin" time="0.0"/>
  <testcase classname="mavenproject.LoginTest" name="userLogin" time="0.001"/>
  <testcase classname="mavenproject.CancelTest" name="cancelOrder" time="0.0"/>
  <testcase classname="mavenproject.CancelTest" name="cancelService" time="0.0"/>
</testsuite> <!-- Test -->
