<?xml version="1.0" encoding="UTF-8"?>
<testng-results total="1" passed="1" failed="0" skipped="0">
  <reporter-output>
  </reporter-output>
  <suite started-at="2020-05-16T14:49:49Z" name="Default suite" finished-at="2020-05-16T14:50:00Z" duration-ms="10747">
    <groups>
    </groups>
    <test started-at="2020-05-16T14:49:49Z" name="Default test" finished-at="2020-05-16T14:50:00Z" duration-ms="10747">
      <class name="testcase.Rediff">
        <test-method signature="login()[pri:0, instance:testcase.Rediff@73e22a3d]" started-at="2020-05-16T20:19:49Z" name="login" finished-at="2020-05-16T20:20:00Z" duration-ms="10728" status="PASS">
          <reporter-output>
          </reporter-output>
        </test-method> <!-- login -->
      </class> <!-- testcase.Rediff -->
    </test> <!-- Default test -->
  </suite> <!-- Default suite -->
</testng-results>
