<?xml version="1.0" encoding="UTF-8"?>
<!-- Generated by org.testng.reporters.JUnitXMLReporter -->
<testsuite hostname="Jay" failures="0" tests="8" name="Test" time="0.016" errors="0" timestamp="8 Jun 2020 12:25:09 GMT">
  <testcase classname="Loan" name="carLoan" time="0.0"/>
  <testcase classname="Loan" name="goldLoan" time="0.0"/>
  <testcase classname="Loan" name="homeLoan" time="0.0"/>
  <testcase classname="Loan" name="personalLoan" time="0.0"/>
  <testcase classname="Login" name="adminLogin" time="0.0"/>
  <testcase classname="Login" name="custLogin" time="0.0"/>
  <testcase classname="Login" name="guestLogin" time="0.0"/>
  <testcase classname="Login" name="userLogin" time="0.0"/>
</testsuite> <!-- Test -->
