<?xml version="1.0" encoding="UTF-8"?>
<testng-results total="8" passed="8" failed="0" skipped="0">
  <reporter-output>
  </reporter-output>
  <suite started-at="2020-06-08T12:25:09Z" name="Suite" finished-at="2020-06-08T12:25:09Z" duration-ms="16">
    <groups>
    </groups>
    <test started-at="2020-06-08T12:25:09Z" name="Test" finished-at="2020-06-08T12:25:09Z" duration-ms="16">
      <class name="Loan">
        <test-method signature="homeLoan()[pri:0, instance:Loan@302552ec]" started-at="2020-06-08T17:55:09Z" name="homeLoan" finished-at="2020-06-08T17:55:09Z" duration-ms="0" status="PASS">
          <reporter-output>
          </reporter-output>
        </test-method> <!-- homeLoan -->
        <test-method signature="personalLoan()[pri:0, instance:Loan@302552ec]" started-at="2020-06-08T17:55:09Z" name="personalLoan" finished-at="2020-06-08T17:55:09Z" duration-ms="0" status="PASS">
          <reporter-output>
          </reporter-output>
        </test-method> <!-- personalLoan -->
        <test-method signature="goldLoan()[pri:0, instance:Loan@302552ec]" started-at="2020-06-08T17:55:09Z" name="goldLoan" finished-at="2020-06-08T17:55:09Z" duration-ms="0" status="PASS">
          <reporter-output>
          </reporter-output>
        </test-method> <!-- goldLoan -->
        <test-method signature="carLoan()[pri:0, instance:Loan@302552ec]" started-at="2020-06-08T17:55:09Z" name="carLoan" finished-at="2020-06-08T17:55:09Z" duration-ms="0" status="PASS">
          <reporter-output>
          </reporter-output>
        </test-method> <!-- carLoan -->
      </class> <!-- Loan -->
      <class name="Login">
        <test-method signature="custLogin()[pri:0, instance:Login@24aed80c]" started-at="2020-06-08T17:55:09Z" name="custLogin" finished-at="2020-06-08T17:55:09Z" duration-ms="0" status="PASS">
          <reporter-output>
          </reporter-output>
        </test-method> <!-- custLogin -->
        <test-method signature="guestLogin()[pri:0, instance:Login@24aed80c]" started-at="2020-06-08T17:55:09Z" name="guestLogin" finished-at="2020-06-08T17:55:09Z" duration-ms="0" status="PASS">
          <reporter-output>
          </reporter-output>
        </test-method> <!-- guestLogin -->
        <test-method signature="userLogin()[pri:0, instance:Login@24aed80c]" started-at="2020-06-08T17:55:09Z" name="userLogin" finished-at="2020-06-08T17:55:09Z" duration-ms="0" status="PASS">
          <reporter-output>
          </reporter-output>
        </test-method> <!-- userLogin -->
        <test-method signature="adminLogin()[pri:0, instance:Login@24aed80c]" started-at="2020-06-08T17:55:09Z" name="adminLogin" finished-at="2020-06-08T17:55:09Z" duration-ms="0" status="PASS">
          <reporter-output>
          </reporter-output>
        </test-method> <!-- adminLogin -->
      </class> <!-- Login -->
    </test> <!-- Test -->
  </suite> <!-- Suite -->
</testng-results>
