<?xml version="1.0" encoding="UTF-8"?>
<!-- Generated by org.testng.reporters.JUnitXMLReporter -->
<testsuite ignored="0" hostname="Jay" failures="0" tests="6" name="Test" time="0.126" errors="0" timestamp="2020-05-10T21:45:19 IST">
  <testcase classname="mavenproject.SelectTest" name="selectProduct" time="0.012"/>
  <testcase classname="mavenproject.SelectTest" name="selectService" time="0.002"/>
  <testcase classname="mavenproject.LoginTest" name="AdminLogin" time="0.0"/>
  <testcase classname="mavenproject.LoginTest" name="userLogin" time="0.002"/>
  <testcase classname="mavenproject.CancelTest" name="cancelOrder" time="0.016"/>
  <testcase classname="mavenproject.CancelTest" name="cancelService" time="0.0"/>
</testsuite> <!-- Test -->
