<?xml version="1.0" encoding="UTF-8"?>
<testsuite xmlns:xsi="http://www.w3.org/2001/XMLSchema-instance" xsi:noNamespaceSchemaLocation="https://maven.apache.org/surefire/maven-surefire-plugin/xsd/surefire-test-report.xsd" name="TestSuite" time="20.409" tests="4" errors="0" skipped="0" failures="1">
  <properties>
[...]
</properties>
  <testcase name="getUserLogin" classname="endtoend.LoginUser" time="1.718"/>
  <testcase name="getUserSignUp" classname="endtoend.SignUpUser" time="2.573"/>
  <testcase name="getUserSearch" classname="endtoend.SearchUser" time="4.001"/>
  <testcase name="getValidateUserName" classname="endtoend.SearchUser" time="0.078">
    <failure message="expected [jaykate] but found [katejay]" type="java.lang.AssertionError">java.lang.AssertionError: expected [jaykate] but found [katejay]
	at endtoend.SearchUser.getValidateUserName(SearchUser.java:52)
</failure>
  </testcase>
</testsuite>